{
  "stats": {
    "tests": 11,
    "passes": 11,
    "failures": 0,
    "duration": 5447,
    "start": "2018-04-05T20:57:43.969Z",
    "end": "2018-04-05T20:57:49.416Z"
  },
  "failures": [],
  "passes": [
    {
      "title": "should call the callback with single value",
      "fullTitle": "Select component,handleChange should call the callback with single value",
      "duration": 4639,
      "errorCount": 0
    },
    {
      "title": "should check if option is selected when a single value is selected",
      "fullTitle": "Select component,isOptionSelected should check if option is selected when a single value is selected",
      "duration": 4639,
      "errorCount": 0
    },
    {
      "title": "should check if option is selected when multiple values are selected",
      "fullTitle": "Select component,isOptionSelected should check if option is selected when multiple values are selected",
      "duration": 4639,
      "errorCount": 0
    },
    {
      "title": "should flatten the different option groups",
      "fullTitle": "Select component,getFlatOptionsList should flatten the different option groups",
      "duration": 4639,
      "errorCount": 0
    },
    {
      "title": "should return the selected values for option groups",
      "fullTitle": "Select component,getSelectedValues should return the selected values for option groups",
      "duration": 4639,
      "errorCount": 0
    },
    {
      "title": "should return the selected value",
      "fullTitle": "Select component,getSelectedValues should return the selected value",
      "duration": 4639,
      "errorCount": 0
    },
    {
      "title": "should return an empty string when no option is selected",
      "fullTitle": "Select component,getSelectedValues should return an empty string when no option is selected",
      "duration": 4639,
      "errorCount": 0
    },
    {
      "title": "should return an empty array when no options are specified",
      "fullTitle": "Select component,getSelectedValues,multi should return an empty array when no options are specified",
      "duration": 4639,
      "errorCount": 0
    },
    {
      "title": "should detect android mobile devices",
      "fullTitle": "Select component,getSelectedValues,isMobile should detect android mobile devices",
      "duration": 4639,
      "errorCount": 0
    },
    {
      "title": "should detect ios mobile devices",
      "fullTitle": "Select component,getSelectedValues,isMobile should detect ios mobile devices",
      "duration": 4639,
      "errorCount": 0
    },
    {
      "title": "should detect non mobile devices",
      "fullTitle": "Select component,getSelectedValues,isMobile should detect non mobile devices",
      "duration": 4639,
      "errorCount": 0
    }
  ],
  "skipped": []
}